#
# A fatal error has been detected by the Java Runtime Environment:
#
#  SIGFPE (0x8) at pc=0x00007ff8182ba5c2, pid=4580, tid=259
#
# JRE version: OpenJDK Runtime Environment Zulu11.62+17-CA (11.0.18+10) (build 11.0.18+10-LTS)
# Java VM: OpenJDK 64-Bit Server VM Zulu11.62+17-CA (11.0.18+10-LTS, mixed mode, tiered, compressed oops, g1 gc, bsd-amd64)
# Problematic frame:
# C  [libsystem_kernel.dylib+0x15c2]  mach_msg2_trap+0xa
#
# No core dump will be written. Core dumps have been disabled. To enable core dumping, try "ulimit -c unlimited" before starting Java again
#
# If you would like to submit a bug report, please visit:
#   http://www.azul.com/support/
#

---------------  S U M M A R Y ------------

Command Line: -Dcom.sun.management.jmxremote -Dcom.sun.management.jmxremote.port=53733 -Dcom.sun.management.jmxremote.authenticate=false -Dcom.sun.management.jmxremote.ssl=false -Djava.rmi.server.hostname=localhost -Dspring.jmx.enabled=true -Dspring.liveBeansView.mbeanDomain -Dspring.application.admin.enabled=true -Djava.security.egd=file:/dev/./urandom -XX:TieredStopAtLevel=1 -Dspring.boot.project.name=multicampus_final_project -Dfile.encoding=UTF-8 eat_schedule.Application --spring.output.ansi.enabled=always

Host: MacBookPro17,1 x86_64 2400 MHz, 8 cores, 8G, Darwin 22.2.0
Time: Tue Apr 11 21:54:29 2023 KST elapsed time: 330.369304 seconds (0d 0h 5m 30s)

---------------  T H R E A D  ---------------

Current thread is native thread

Stack: [0x0000000308f99000,0x0000000309799000],  sp=0x0000000309794e78,  free space=8175k
Native frames: (J=compiled Java code, A=aot compiled Java code, j=interpreted, Vv=VM code, C=native code)
C  [libsystem_kernel.dylib+0x15c2]  mach_msg2_trap+0xa
C  [libsystem_kernel.dylib+0x8635]  mach_msg_overwrite+0x2d3
C  [libsystem_kernel.dylib+0x18a8]  mach_msg+0x13
C  [CoreFoundation+0x7f01b]  __CFRunLoopServiceMachPort+0x91
C  [CoreFoundation+0x7da74]  __CFRunLoopRun+0x56b
C  [CoreFoundation+0x7ce8f]  CFRunLoopRunSpecific+0x230
C  [libjli.dylib+0x65f0]  CreateExecutionEnvironment+0x18e
C  [libjli.dylib+0x285b]  JLI_Launch+0x523
C  [java+0x12c4]  main+0x174
C  0x0000000202bea310


siginfo: si_signo: 8 (SIGFPE), si_code: 7 (FPE_INTDIV), si_addr: 0x00007ff8182ba5c2

Register to memory mapping:

RAX=
[error occurred during error reporting (printing register info), id 0xb, SIGSEGV (0xb) at pc=0x000000010c610cc8]

Registers:
RAX=0x0000000010004005, RBX=0x0000000309794f80, RCX=0x00000f0300000000, RDX=0x0000000507000806
RSP=0x0000000309794e78, RBP=0x0000000309794ee0, RSI=0x0000000507000806, RDI=0x0000000309794f80
R8 =0x000000009c5329d0, R9 =0x00000f0300000000, R10=0x00000f0300000000, R11=0x000000009c5329d0
R12=0x0000000000000002, R13=0x0000000507000806, R14=0x00000f0300000000, R15=0x00000f0300000000
RIP=0x00007ff8182ba5c2, EFLAGS=0x0000000000000246, ERR=0x0000000000000000
  TRAPNO=0x00000000000000de

Top of Stack: (sp=0x0000000309794e78)
0x0000000309794e78:   00007ff8182c8604 0000000000000002
0x0000000309794e88:   00000000ffffffff 00007ffc9c5241d0
0x0000000309794e98:   000000009c5329d0 0000000507000806
0x0000000309794ea8:   0000000200000000 000000010b0e6e00
0x0000000309794eb8:   0000000000000000 0000000107000806
0x0000000309794ec8:   0000000107000806 00000003097951c0
0x0000000309794ed8:   0000000107000806 0000000309795000
0x0000000309794ee8:   00007ff8182c1635 0000000000000002
0x0000000309794ef8:   00000000ffffffff 00007ffc9c5207b0
0x0000000309794f08:   00007ffc9c5215d8 00007ffc9c520e70
0x0000000309794f18:   00007ffc9c51d450 00007ffc9c51d598
0x0000000309794f28:   00007ffc9c52caa8 00007ffc9c526180
0x0000000309794f38:   00007ffc9c5205f0 00007ffc9c51ead0
0x0000000309794f48:   00007ffc9c5235e8 00007ffc9c531a08
0x0000000309794f58:   00007ffc9c520c78 00007ffc9c51bed0
0x0000000309794f68:   00007ffc9c528830 00007ffc9c528078
0x0000000309794f78:   00007ffc9c543058 00000003097951c0
0x0000000309794f88:   0000000000000000 00000c0000000000
0x0000000309794f98:   0000600000a6a280 0000000000000000
0x0000000309794fa8:   0000008000000000 00007ffc9c51bc90
0x0000000309794fb8:   00007ffc9c51edc8 0000000000000f03
0x0000000309794fc8:   00000c009c51d0c8 00000000ffffffff
0x0000000309794fd8:   0000000309795138 00000003097951c0
0x0000000309794fe8:   0000000000000c00 00000000ffffffff
0x0000000309794ff8:   00000000ffffffff 0000000309795030
0x0000000309795008:   00007ff8182ba8a8 0000000000000000
0x0000000309795018:   0000000000000000 0000257019fdcb00
0x0000000309795028:   0000000000000000 00000003097950a0
0x0000000309795038:   00007ff8183d401b 0000600000000000
0x0000000309795048:   0000000309795148 0000000309795134
0x0000000309795058:   00000f0300000000 0000000000000000
0x0000000309795068:   0000000309795138 0000000309795140 

Instructions: (pc=0x00007ff8182ba5c2)
0x00007ff8182ba4c2:   00 01 0f 05 c3 90 49 89 ca b8 1a 00 00 01 0f 05
0x00007ff8182ba4d2:   c3 90 49 89 ca b8 1b 00 00 01 0f 05 c3 90 49 89
0x00007ff8182ba4e2:   ca b8 1c 00 00 01 0f 05 c3 90 49 89 ca b8 1d 00
0x00007ff8182ba4f2:   00 01 0f 05 c3 90 49 89 ca b8 1f 00 00 01 0f 05
0x00007ff8182ba502:   c3 90 49 89 ca b8 20 00 00 01 0f 05 c3 90 49 89
0x00007ff8182ba512:   ca b8 21 00 00 01 0f 05 c3 90 49 89 ca b8 22 00
0x00007ff8182ba522:   00 01 0f 05 c3 90 49 89 ca b8 23 00 00 01 0f 05
0x00007ff8182ba532:   c3 90 49 89 ca b8 24 00 00 01 0f 05 c3 90 49 89
0x00007ff8182ba542:   ca b8 25 00 00 01 0f 05 c3 90 49 89 ca b8 26 00
0x00007ff8182ba552:   00 01 0f 05 c3 90 49 89 ca b8 27 00 00 01 0f 05
0x00007ff8182ba562:   c3 90 49 89 ca b8 28 00 00 01 0f 05 c3 90 49 89
0x00007ff8182ba572:   ca b8 29 00 00 01 0f 05 c3 90 49 89 ca b8 2a 00
0x00007ff8182ba582:   00 01 0f 05 c3 90 49 89 ca b8 2b 00 00 01 0f 05
0x00007ff8182ba592:   c3 90 49 89 ca b8 2c 00 00 01 0f 05 c3 90 49 89
0x00007ff8182ba5a2:   ca b8 2d 00 00 01 0f 05 c3 90 49 89 ca b8 2e 00
0x00007ff8182ba5b2:   00 01 0f 05 c3 90 49 89 ca b8 2f 00 00 01 0f 05
0x00007ff8182ba5c2:   c3 90 49 89 ca b8 30 00 00 01 0f 05 c3 90 49 89
0x00007ff8182ba5d2:   ca b8 31 00 00 01 0f 05 c3 90 49 89 ca b8 32 00
0x00007ff8182ba5e2:   00 01 0f 05 c3 90 49 89 ca b8 33 00 00 01 0f 05
0x00007ff8182ba5f2:   c3 90 49 89 ca b8 34 00 00 01 0f 05 c3 90 49 89
0x00007ff8182ba602:   ca b8 35 00 00 01 0f 05 c3 90 49 89 ca b8 3b 00
0x00007ff8182ba612:   00 01 0f 05 c3 90 49 89 ca b8 3c 00 00 01 0f 05
0x00007ff8182ba622:   c3 90 49 89 ca b8 3d 00 00 01 0f 05 c3 90 49 89
0x00007ff8182ba632:   ca b8 3e 00 00 01 0f 05 c3 90 49 89 ca b8 46 00
0x00007ff8182ba642:   00 01 0f 05 c3 90 49 89 ca b8 48 00 00 01 0f 05
0x00007ff8182ba652:   c3 90 49 89 ca b8 4c 00 00 01 0f 05 c3 90 49 89
0x00007ff8182ba662:   ca b8 4d 00 00 01 0f 05 c3 90 49 89 ca b8 59 00
0x00007ff8182ba672:   00 01 0f 05 c3 90 49 89 ca b8 5a 00 00 01 0f 05
0x00007ff8182ba682:   c3 90 49 89 ca b8 5b 00 00 01 0f 05 c3 90 49 89
0x00007ff8182ba692:   ca b8 5c 00 00 01 0f 05 c3 90 49 89 ca b8 5d 00
0x00007ff8182ba6a2:   00 01 0f 05 c3 90 49 89 ca b8 5e 00 00 01 0f 05
0x00007ff8182ba6b2:   c3 90 49 89 ca b8 5f 00 00 01 0f 05 c3 90 49 89 


Stack slot to memory mapping:
stack at sp + 0 slots: 
[error occurred during error reporting (inspecting top of stack), id 0xb, SIGSEGV (0xb) at pc=0x000000010c610cc8]


---------------  P R O C E S S  ---------------

VM state:not at safepoint (normal execution)

VM Mutex/Monitor currently owned by a thread: None

Heap address: 0x0000000780000000, size: 2048 MB, Compressed Oops mode: Zero based, Oop shift amount: 3
Narrow klass base: 0x0000000800000000, Narrow klass shift: 0
Compressed class space size: 1073741824 Address: 0x0000000800000000

Heap:
 garbage-first heap   total 157696K, used 62187K [0x0000000780000000, 0x0000000800000000)
  region size 1024K, 51 young (52224K), 11 survivors (11264K)
 Metaspace       used 62011K, capacity 63649K, committed 63952K, reserved 1105920K
  class space    used 7384K, capacity 8022K, committed 8064K, reserved 1048576K
Heap Regions: E=young(eden), S=young(survivor), O=old, HS=humongous(starts), HC=humongous(continues), CS=collection set, F=free, A=archive, TAMS=top-at-mark-start (previous, next)
|   0|0x0000000780000000, 0x0000000780100000, 0x0000000780100000|100%| O|  |TAMS 0x0000000780100000, 0x0000000780000000| Untracked 
|   1|0x0000000780100000, 0x0000000780200000, 0x0000000780200000|100%| O|  |TAMS 0x0000000780200000, 0x0000000780100000| Untracked 
|   2|0x0000000780200000, 0x0000000780300000, 0x0000000780300000|100%| O|  |TAMS 0x0000000780300000, 0x0000000780200000| Untracked 
|   3|0x0000000780300000, 0x0000000780400000, 0x0000000780400000|100%| O|  |TAMS 0x0000000780400000, 0x0000000780300000| Untracked 
|   4|0x0000000780400000, 0x0000000780500000, 0x0000000780500000|100%| O|  |TAMS 0x0000000780500000, 0x0000000780400000| Untracked 
|   5|0x0000000780500000, 0x0000000780600000, 0x0000000780600000|100%| O|  |TAMS 0x0000000780600000, 0x0000000780500000| Untracked 
|   6|0x0000000780600000, 0x0000000780700000, 0x0000000780700000|100%| O|  |TAMS 0x0000000780700000, 0x0000000780600000| Untracked 
|   7|0x0000000780700000, 0x0000000780800000, 0x0000000780800000|100%| O|  |TAMS 0x0000000780800000, 0x0000000780700000| Untracked 
|   8|0x0000000780800000, 0x0000000780900000, 0x0000000780900000|100%| O|  |TAMS 0x0000000780900000, 0x0000000780800000| Untracked 
|   9|0x0000000780900000, 0x0000000780a00000, 0x0000000780a00000|100%| O|  |TAMS 0x0000000780a00000, 0x0000000780900000| Untracked 
|  10|0x0000000780a00000, 0x0000000780b00000, 0x0000000780b00000|100%| O|  |TAMS 0x0000000780b00000, 0x0000000780a00000| Untracked 
|  11|0x0000000780b00000, 0x0000000780c00000, 0x0000000780c00000|100%| O|  |TAMS 0x0000000780c00000, 0x0000000780b00000| Untracked 
|  12|0x0000000780c00000, 0x0000000780c2b200, 0x0000000780d00000| 16%| O|  |TAMS 0x0000000780c2b200, 0x0000000780c00000| Untracked 
|  13|0x0000000780d00000, 0x0000000780d00000, 0x0000000780e00000|  0%| F|  |TAMS 0x0000000780d00000, 0x0000000780d00000| Untracked 
|  14|0x0000000780e00000, 0x0000000780e00000, 0x0000000780f00000|  0%| F|  |TAMS 0x0000000780e00000, 0x0000000780e00000| Untracked 
|  15|0x0000000780f00000, 0x0000000780f00000, 0x0000000781000000|  0%| F|  |TAMS 0x0000000780f00000, 0x0000000780f00000| Untracked 
|  16|0x0000000781000000, 0x0000000781000000, 0x0000000781100000|  0%| F|  |TAMS 0x0000000781000000, 0x0000000781000000| Untracked 
|  17|0x0000000781100000, 0x0000000781100000, 0x0000000781200000|  0%| F|  |TAMS 0x0000000781100000, 0x0000000781100000| Untracked 
|  18|0x0000000781200000, 0x0000000781200000, 0x0000000781300000|  0%| F|  |TAMS 0x0000000781200000, 0x0000000781200000| Untracked 
|  19|0x0000000781300000, 0x0000000781300000, 0x0000000781400000|  0%| F|  |TAMS 0x0000000781300000, 0x0000000781300000| Untracked 
|  20|0x0000000781400000, 0x0000000781400000, 0x0000000781500000|  0%| F|  |TAMS 0x0000000781400000, 0x0000000781400000| Untracked 
|  21|0x0000000781500000, 0x0000000781500000, 0x0000000781600000|  0%| F|  |TAMS 0x0000000781500000, 0x0000000781500000| Untracked 
|  22|0x0000000781600000, 0x0000000781600000, 0x0000000781700000|  0%| F|  |TAMS 0x0000000781600000, 0x0000000781600000| Untracked 
|  23|0x0000000781700000, 0x0000000781700000, 0x0000000781800000|  0%| F|  |TAMS 0x0000000781700000, 0x0000000781700000| Untracked 
|  24|0x0000000781800000, 0x0000000781800000, 0x0000000781900000|  0%| F|  |TAMS 0x0000000781800000, 0x0000000781800000| Untracked 
|  25|0x0000000781900000, 0x0000000781900000, 0x0000000781a00000|  0%| F|  |TAMS 0x0000000781900000, 0x0000000781900000| Untracked 
|  26|0x0000000781a00000, 0x0000000781a00000, 0x0000000781b00000|  0%| F|  |TAMS 0x0000000781a00000, 0x0000000781a00000| Untracked 
|  27|0x0000000781b00000, 0x0000000781b00000, 0x0000000781c00000|  0%| F|  |TAMS 0x0000000781b00000, 0x0000000781b00000| Untracked 
|  28|0x0000000781c00000, 0x0000000781c00000, 0x0000000781d00000|  0%| F|  |TAMS 0x0000000781c00000, 0x0000000781c00000| Untracked 
|  29|0x0000000781d00000, 0x0000000781d00000, 0x0000000781e00000|  0%| F|  |TAMS 0x0000000781d00000, 0x0000000781d00000| Untracked 
|  30|0x0000000781e00000, 0x0000000781e00000, 0x0000000781f00000|  0%| F|  |TAMS 0x0000000781e00000, 0x0000000781e00000| Untracked 
|  31|0x0000000781f00000, 0x0000000781f00000, 0x0000000782000000|  0%| F|  |TAMS 0x0000000781f00000, 0x0000000781f00000| Untracked 
|  32|0x0000000782000000, 0x0000000782000000, 0x0000000782100000|  0%| F|  |TAMS 0x0000000782000000, 0x0000000782000000| Untracked 
|  33|0x0000000782100000, 0x0000000782100000, 0x0000000782200000|  0%| F|  |TAMS 0x0000000782100000, 0x0000000782100000| Untracked 
|  34|0x0000000782200000, 0x0000000782200000, 0x0000000782300000|  0%| F|  |TAMS 0x0000000782200000, 0x0000000782200000| Untracked 
|  35|0x0000000782300000, 0x0000000782300000, 0x0000000782400000|  0%| F|  |TAMS 0x0000000782300000, 0x0000000782300000| Untracked 
|  36|0x0000000782400000, 0x0000000782400000, 0x0000000782500000|  0%| F|  |TAMS 0x0000000782400000, 0x0000000782400000| Untracked 
|  37|0x0000000782500000, 0x0000000782500000, 0x0000000782600000|  0%| F|  |TAMS 0x0000000782500000, 0x0000000782500000| Untracked 
|  38|0x0000000782600000, 0x0000000782600000, 0x0000000782700000|  0%| F|  |TAMS 0x0000000782600000, 0x0000000782600000| Untracked 
|  39|0x0000000782700000, 0x0000000782700000, 0x0000000782800000|  0%| F|  |TAMS 0x0000000782700000, 0x0000000782700000| Untracked 
|  40|0x0000000782800000, 0x0000000782800000, 0x0000000782900000|  0%| F|  |TAMS 0x0000000782800000, 0x0000000782800000| Untracked 
|  41|0x0000000782900000, 0x0000000782900000, 0x0000000782a00000|  0%| F|  |TAMS 0x0000000782900000, 0x0000000782900000| Untracked 
|  42|0x0000000782a00000, 0x0000000782a00000, 0x0000000782b00000|  0%| F|  |TAMS 0x0000000782a00000, 0x0000000782a00000| Untracked 
|  43|0x0000000782b00000, 0x0000000782b00000, 0x0000000782c00000|  0%| F|  |TAMS 0x0000000782b00000, 0x0000000782b00000| Untracked 
|  44|0x0000000782c00000, 0x0000000782c00000, 0x0000000782d00000|  0%| F|  |TAMS 0x0000000782c00000, 0x0000000782c00000| Untracked 
|  45|0x0000000782d00000, 0x0000000782d00000, 0x0000000782e00000|  0%| F|  |TAMS 0x0000000782d00000, 0x0000000782d00000| Untracked 
|  46|0x0000000782e00000, 0x0000000782e00000, 0x0000000782f00000|  0%| F|  |TAMS 0x0000000782e00000, 0x0000000782e00000| Untracked 
|  47|0x0000000782f00000, 0x0000000782f00000, 0x0000000783000000|  0%| F|  |TAMS 0x0000000782f00000, 0x0000000782f00000| Untracked 
|  48|0x0000000783000000, 0x0000000783000000, 0x0000000783100000|  0%| F|  |TAMS 0x0000000783000000, 0x0000000783000000| Untracked 
|  49|0x0000000783100000, 0x0000000783100000, 0x0000000783200000|  0%| F|  |TAMS 0x0000000783100000, 0x0000000783100000| Untracked 
|  50|0x0000000783200000, 0x0000000783200000, 0x0000000783300000|  0%| F|  |TAMS 0x0000000783200000, 0x0000000783200000| Untracked 
|  51|0x0000000783300000, 0x0000000783300000, 0x0000000783400000|  0%| F|  |TAMS 0x0000000783300000, 0x0000000783300000| Untracked 
|  52|0x0000000783400000, 0x0000000783400000, 0x0000000783500000|  0%| F|  |TAMS 0x0000000783400000, 0x0000000783400000| Untracked 
|  53|0x0000000783500000, 0x0000000783500000, 0x0000000783600000|  0%| F|  |TAMS 0x0000000783500000, 0x0000000783500000| Untracked 
|  54|0x0000000783600000, 0x0000000783600000, 0x0000000783700000|  0%| F|  |TAMS 0x0000000783600000, 0x0000000783600000| Untracked 
|  55|0x0000000783700000, 0x0000000783700000, 0x0000000783800000|  0%| F|  |TAMS 0x0000000783700000, 0x0000000783700000| Untracked 
|  56|0x0000000783800000, 0x0000000783800000, 0x0000000783900000|  0%| F|  |TAMS 0x0000000783800000, 0x0000000783800000| Untracked 
|  57|0x0000000783900000, 0x0000000783900000, 0x0000000783a00000|  0%| F|  |TAMS 0x0000000783900000, 0x0000000783900000| Untracked 
|  58|0x0000000783a00000, 0x0000000783a00000, 0x0000000783b00000|  0%| F|  |TAMS 0x0000000783a00000, 0x0000000783a00000| Untracked 
|  59|0x0000000783b00000, 0x0000000783b00000, 0x0000000783c00000|  0%| F|  |TAMS 0x0000000783b00000, 0x0000000783b00000| Untracked 
|  60|0x0000000783c00000, 0x0000000783c00000, 0x0000000783d00000|  0%| F|  |TAMS 0x0000000783c00000, 0x0000000783c00000| Untracked 
|  61|0x0000000783d00000, 0x0000000783d00000, 0x0000000783e00000|  0%| F|  |TAMS 0x0000000783d00000, 0x0000000783d00000| Untracked 
|  62|0x0000000783e00000, 0x0000000783e00000, 0x0000000783f00000|  0%| F|  |TAMS 0x0000000783e00000, 0x0000000783e00000| Untracked 
|  63|0x0000000783f00000, 0x0000000783f00000, 0x0000000784000000|  0%| F|  |TAMS 0x0000000783f00000, 0x0000000783f00000| Untracked 
|  64|0x0000000784000000, 0x0000000784000000, 0x0000000784100000|  0%| F|  |TAMS 0x0000000784000000, 0x0000000784000000| Untracked 
|  65|0x0000000784100000, 0x0000000784100000, 0x0000000784200000|  0%| F|  |TAMS 0x0000000784100000, 0x0000000784100000| Untracked 
|  66|0x0000000784200000, 0x0000000784200000, 0x0000000784300000|  0%| F|  |TAMS 0x0000000784200000, 0x0000000784200000| Untracked 
|  67|0x0000000784300000, 0x0000000784300000, 0x0000000784400000|  0%| F|  |TAMS 0x0000000784300000, 0x0000000784300000| Untracked 
|  68|0x0000000784400000, 0x0000000784400000, 0x0000000784500000|  0%| F|  |TAMS 0x0000000784400000, 0x0000000784400000| Untracked 
|  69|0x0000000784500000, 0x0000000784500000, 0x0000000784600000|  0%| F|  |TAMS 0x0000000784500000, 0x0000000784500000| Untracked 
|  70|0x0000000784600000, 0x0000000784600000, 0x0000000784700000|  0%| F|  |TAMS 0x0000000784600000, 0x0000000784600000| Untracked 
|  71|0x0000000784700000, 0x0000000784700000, 0x0000000784800000|  0%| F|  |TAMS 0x0000000784700000, 0x0000000784700000| Untracked 
|  72|0x0000000784800000, 0x0000000784800000, 0x0000000784900000|  0%| F|  |TAMS 0x0000000784800000, 0x0000000784800000| Untracked 
|  73|0x0000000784900000, 0x000000078498fa18, 0x0000000784a00000| 56%| S|CS|TAMS 0x0000000784900000, 0x0000000784900000| Complete 
|  74|0x0000000784a00000, 0x0000000784b00000, 0x0000000784b00000|100%| S|CS|TAMS 0x0000000784a00000, 0x0000000784a00000| Complete 
|  75|0x0000000784b00000, 0x0000000784c00000, 0x0000000784c00000|100%| S|CS|TAMS 0x0000000784b00000, 0x0000000784b00000| Complete 
|  76|0x0000000784c00000, 0x0000000784d00000, 0x0000000784d00000|100%| S|CS|TAMS 0x0000000784c00000, 0x0000000784c00000| Complete 
|  77|0x0000000784d00000, 0x0000000784e00000, 0x0000000784e00000|100%| S|CS|TAMS 0x0000000784d00000, 0x0000000784d00000| Complete 
|  78|0x0000000784e00000, 0x0000000784f00000, 0x0000000784f00000|100%| S|CS|TAMS 0x0000000784e00000, 0x0000000784e00000| Complete 
|  79|0x0000000784f00000, 0x0000000785000000, 0x0000000785000000|100%| S|CS|TAMS 0x0000000784f00000, 0x0000000784f00000| Complete 
|  80|0x0000000785000000, 0x0000000785100000, 0x0000000785100000|100%| S|CS|TAMS 0x0000000785000000, 0x0000000785000000| Complete 
|  81|0x0000000785100000, 0x0000000785200000, 0x0000000785200000|100%| S|CS|TAMS 0x0000000785100000, 0x0000000785100000| Complete 
|  82|0x0000000785200000, 0x0000000785300000, 0x0000000785300000|100%| S|CS|TAMS 0x0000000785200000, 0x0000000785200000| Complete 
|  83|0x0000000785300000, 0x0000000785400000, 0x0000000785400000|100%| S|CS|TAMS 0x0000000785300000, 0x0000000785300000| Complete 
|  84|0x0000000785400000, 0x0000000785400000, 0x0000000785500000|  0%| F|  |TAMS 0x0000000785400000, 0x0000000785400000| Untracked 
|  85|0x0000000785500000, 0x0000000785500000, 0x0000000785600000|  0%| F|  |TAMS 0x0000000785500000, 0x0000000785500000| Untracked 
|  86|0x0000000785600000, 0x0000000785600000, 0x0000000785700000|  0%| F|  |TAMS 0x0000000785600000, 0x0000000785600000| Untracked 
|  87|0x0000000785700000, 0x0000000785700000, 0x0000000785800000|  0%| F|  |TAMS 0x0000000785700000, 0x0000000785700000| Untracked 
|  88|0x0000000785800000, 0x0000000785800000, 0x0000000785900000|  0%| F|  |TAMS 0x0000000785800000, 0x0000000785800000| Untracked 
|  89|0x0000000785900000, 0x0000000785900000, 0x0000000785a00000|  0%| F|  |TAMS 0x0000000785900000, 0x0000000785900000| Untracked 
|  90|0x0000000785a00000, 0x0000000785a00000, 0x0000000785b00000|  0%| F|  |TAMS 0x0000000785a00000, 0x0000000785a00000| Untracked 
|  91|0x0000000785b00000, 0x0000000785b00000, 0x0000000785c00000|  0%| F|  |TAMS 0x0000000785b00000, 0x0000000785b00000| Untracked 
|  92|0x0000000785c00000, 0x0000000785c00000, 0x0000000785d00000|  0%| F|  |TAMS 0x0000000785c00000, 0x0000000785c00000| Untracked 
|  93|0x0000000785d00000, 0x0000000785d00000, 0x0000000785e00000|  0%| F|  |TAMS 0x0000000785d00000, 0x0000000785d00000| Untracked 
|  94|0x0000000785e00000, 0x0000000785e00000, 0x0000000785f00000|  0%| F|  |TAMS 0x0000000785e00000, 0x0000000785e00000| Untracked 
|  95|0x0000000785f00000, 0x0000000785f00000, 0x0000000786000000|  0%| F|  |TAMS 0x0000000785f00000, 0x0000000785f00000| Untracked 
|  96|0x0000000786000000, 0x0000000786000000, 0x0000000786100000|  0%| F|  |TAMS 0x0000000786000000, 0x0000000786000000| Untracked 
|  97|0x0000000786100000, 0x0000000786100000, 0x0000000786200000|  0%| F|  |TAMS 0x0000000786100000, 0x0000000786100000| Untracked 
|  98|0x0000000786200000, 0x0000000786200000, 0x0000000786300000|  0%| F|  |TAMS 0x0000000786200000, 0x0000000786200000| Untracked 
|  99|0x0000000786300000, 0x0000000786300000, 0x0000000786400000|  0%| F|  |TAMS 0x0000000786300000, 0x0000000786300000| Untracked 
| 100|0x0000000786400000, 0x0000000786400000, 0x0000000786500000|  0%| F|  |TAMS 0x0000000786400000, 0x0000000786400000| Untracked 
| 101|0x0000000786500000, 0x0000000786500000, 0x0000000786600000|  0%| F|  |TAMS 0x0000000786500000, 0x0000000786500000| Untracked 
| 102|0x0000000786600000, 0x0000000786600000, 0x0000000786700000|  0%| F|  |TAMS 0x0000000786600000, 0x0000000786600000| Untracked 
| 103|0x0000000786700000, 0x0000000786700000, 0x0000000786800000|  0%| F|  |TAMS 0x0000000786700000, 0x0000000786700000| Untracked 
| 104|0x0000000786800000, 0x0000000786800000, 0x0000000786900000|  0%| F|  |TAMS 0x0000000786800000, 0x0000000786800000| Untracked 
| 105|0x0000000786900000, 0x0000000786900000, 0x0000000786a00000|  0%| F|  |TAMS 0x0000000786900000, 0x0000000786900000| Untracked 
| 106|0x0000000786a00000, 0x0000000786a00000, 0x0000000786b00000|  0%| F|  |TAMS 0x0000000786a00000, 0x0000000786a00000| Untracked 
| 107|0x0000000786b00000, 0x0000000786b00000, 0x0000000786c00000|  0%| F|  |TAMS 0x0000000786b00000, 0x0000000786b00000| Untracked 
| 108|0x0000000786c00000, 0x0000000786c00000, 0x0000000786d00000|  0%| F|  |TAMS 0x0000000786c00000, 0x0000000786c00000| Untracked 
| 109|0x0000000786d00000, 0x0000000786d00000, 0x0000000786e00000|  0%| F|  |TAMS 0x0000000786d00000, 0x0000000786d00000| Untracked 
| 110|0x0000000786e00000, 0x0000000786e00000, 0x0000000786f00000|  0%| F|  |TAMS 0x0000000786e00000, 0x0000000786e00000| Untracked 
| 111|0x0000000786f00000, 0x0000000786f00000, 0x0000000787000000|  0%| F|  |TAMS 0x0000000786f00000, 0x0000000786f00000| Untracked 
| 112|0x0000000787000000, 0x0000000787000000, 0x0000000787100000|  0%| F|  |TAMS 0x0000000787000000, 0x0000000787000000| Untracked 
| 113|0x0000000787100000, 0x0000000787100000, 0x0000000787200000|  0%| F|  |TAMS 0x0000000787100000, 0x0000000787100000| Untracked 
| 114|0x0000000787200000, 0x000000078723fb00, 0x0000000787300000| 24%| E|  |TAMS 0x0000000787200000, 0x0000000787200000| Complete 
| 115|0x0000000787300000, 0x0000000787400000, 0x0000000787400000|100%| E|CS|TAMS 0x0000000787300000, 0x0000000787300000| Complete 
| 116|0x0000000787400000, 0x0000000787500000, 0x0000000787500000|100%| E|CS|TAMS 0x0000000787400000, 0x0000000787400000| Complete 
| 117|0x0000000787500000, 0x0000000787600000, 0x0000000787600000|100%| E|CS|TAMS 0x0000000787500000, 0x0000000787500000| Complete 
| 118|0x0000000787600000, 0x0000000787700000, 0x0000000787700000|100%| E|CS|TAMS 0x0000000787600000, 0x0000000787600000| Complete 
| 119|0x0000000787700000, 0x0000000787800000, 0x0000000787800000|100%| E|CS|TAMS 0x0000000787700000, 0x0000000787700000| Complete 
| 120|0x0000000787800000, 0x0000000787900000, 0x0000000787900000|100%| E|CS|TAMS 0x0000000787800000, 0x0000000787800000| Complete 
| 121|0x0000000787900000, 0x0000000787a00000, 0x0000000787a00000|100%| E|CS|TAMS 0x0000000787900000, 0x0000000787900000| Complete 
| 122|0x0000000787a00000, 0x0000000787b00000, 0x0000000787b00000|100%| E|CS|TAMS 0x0000000787a00000, 0x0000000787a00000| Complete 
| 123|0x0000000787b00000, 0x0000000787c00000, 0x0000000787c00000|100%| E|  |TAMS 0x0000000787b00000, 0x0000000787b00000| Complete 
| 124|0x0000000787c00000, 0x0000000787d00000, 0x0000000787d00000|100%| E|CS|TAMS 0x0000000787c00000, 0x0000000787c00000| Complete 
| 125|0x0000000787d00000, 0x0000000787e00000, 0x0000000787e00000|100%| E|CS|TAMS 0x0000000787d00000, 0x0000000787d00000| Complete 
| 126|0x0000000787e00000, 0x0000000787f00000, 0x0000000787f00000|100%| E|CS|TAMS 0x0000000787e00000, 0x0000000787e00000| Complete 
| 127|0x0000000787f00000, 0x0000000788000000, 0x0000000788000000|100%| E|CS|TAMS 0x0000000787f00000, 0x0000000787f00000| Complete 
| 128|0x0000000788000000, 0x0000000788100000, 0x0000000788100000|100%| E|CS|TAMS 0x0000000788000000, 0x0000000788000000| Complete 
| 129|0x0000000788100000, 0x0000000788200000, 0x0000000788200000|100%| E|CS|TAMS 0x0000000788100000, 0x0000000788100000| Complete 
| 130|0x0000000788200000, 0x0000000788300000, 0x0000000788300000|100%| E|CS|TAMS 0x0000000788200000, 0x0000000788200000| Complete 
| 131|0x0000000788300000, 0x0000000788400000, 0x0000000788400000|100%| E|CS|TAMS 0x0000000788300000, 0x0000000788300000| Complete 
| 132|0x0000000788400000, 0x0000000788500000, 0x0000000788500000|100%| E|CS|TAMS 0x0000000788400000, 0x0000000788400000| Complete 
| 133|0x0000000788500000, 0x0000000788600000, 0x0000000788600000|100%| E|CS|TAMS 0x0000000788500000, 0x0000000788500000| Complete 
| 134|0x0000000788600000, 0x0000000788700000, 0x0000000788700000|100%| E|CS|TAMS 0x0000000788600000, 0x0000000788600000| Complete 
| 135|0x0000000788700000, 0x0000000788800000, 0x0000000788800000|100%| E|CS|TAMS 0x0000000788700000, 0x0000000788700000| Complete 
| 136|0x0000000788800000, 0x0000000788900000, 0x0000000788900000|100%| E|CS|TAMS 0x0000000788800000, 0x0000000788800000| Complete 
| 137|0x0000000788900000, 0x0000000788a00000, 0x0000000788a00000|100%| E|CS|TAMS 0x0000000788900000, 0x0000000788900000| Complete 
| 138|0x0000000788a00000, 0x0000000788b00000, 0x0000000788b00000|100%| E|CS|TAMS 0x0000000788a00000, 0x0000000788a00000| Complete 
| 139|0x0000000788b00000, 0x0000000788c00000, 0x0000000788c00000|100%| E|CS|TAMS 0x0000000788b00000, 0x0000000788b00000| Complete 
| 140|0x0000000788c00000, 0x0000000788d00000, 0x0000000788d00000|100%| E|CS|TAMS 0x0000000788c00000, 0x0000000788c00000| Complete 
| 141|0x0000000788d00000, 0x0000000788e00000, 0x0000000788e00000|100%| E|CS|TAMS 0x0000000788d00000, 0x0000000788d00000| Complete 
| 142|0x0000000788e00000, 0x0000000788f00000, 0x0000000788f00000|100%| E|CS|TAMS 0x0000000788e00000, 0x0000000788e00000| Complete 
| 143|0x0000000788f00000, 0x0000000789000000, 0x0000000789000000|100%| E|CS|TAMS 0x0000000788f00000, 0x0000000788f00000| Complete 
| 144|0x0000000789000000, 0x0000000789100000, 0x0000000789100000|100%| E|CS|TAMS 0x0000000789000000, 0x0000000789000000| Complete 
| 145|0x0000000789100000, 0x0000000789200000, 0x0000000789200000|100%| E|CS|TAMS 0x0000000789100000, 0x0000000789100000| Complete 
| 146|0x0000000789200000, 0x0000000789300000, 0x0000000789300000|100%| E|CS|TAMS 0x0000000789200000, 0x0000000789200000| Complete 
| 147|0x0000000789300000, 0x0000000789400000, 0x0000000789400000|100%| E|CS|TAMS 0x0000000789300000, 0x0000000789300000| Complete 
| 148|0x0000000789400000, 0x0000000789500000, 0x0000000789500000|100%| E|CS|TAMS 0x0000000789400000, 0x0000000789400000| Complete 
| 149|0x0000000789500000, 0x0000000789600000, 0x0000000789600000|100%| E|CS|TAMS 0x0000000789500000, 0x0000000789500000| Complete 
| 150|0x0000000789600000, 0x0000000789700000, 0x0000000789700000|100%| E|CS|TAMS 0x0000000789600000, 0x0000000789600000| Complete 
| 151|0x0000000789700000, 0x0000000789800000, 0x0000000789800000|100%| E|CS|TAMS 0x0000000789700000, 0x0000000789700000| Complete 
| 152|0x0000000789800000, 0x0000000789900000, 0x0000000789900000|100%| E|CS|TAMS 0x0000000789800000, 0x0000000789800000| Complete 
| 153|0x0000000789900000, 0x0000000789a00000, 0x0000000789a00000|100%| E|CS|TAMS 0x0000000789900000, 0x0000000789900000| Complete 

Card table byte_map: [0x000000010b803000,0x000000010bc03000] _byte_map_base: 0x0000000107c03000

Marking Bits (Prev, Next): (CMBitMap*) 0x00007f8900813650, (CMBitMap*) 0x00007f8900813618
 Prev Bits: [0x0000000127cf3000, 0x0000000129cf3000)
 Next Bits: [0x0000000125cf3000, 0x0000000127cf3000)

Polling page: 0x0000000102ada000

Metaspace:

Usage:
  Non-class:     54.32 MB capacity,    53.35 MB ( 98%) used,   799.23 KB (  1%) free+waste,   200.12 KB ( <1%) overhead. 
      Class:      7.83 MB capacity,     7.21 MB ( 92%) used,   543.02 KB (  7%) free+waste,    94.88 KB (  1%) overhead. 
       Both:     62.16 MB capacity,    60.56 MB ( 97%) used,     1.31 MB (  2%) free+waste,   295.00 KB ( <1%) overhead. 

Virtual space:
  Non-class space:       56.00 MB reserved,      54.58 MB ( 97%) committed 
      Class space:        1.00 GB reserved,       7.88 MB ( <1%) committed 
             Both:        1.05 GB reserved,      62.45 MB (  6%) committed 

Chunk freelists:
   Non-Class:  229.00 KB
       Class:  10.00 KB
        Both:  239.00 KB

MaxMetaspaceSize: unlimited
CompressedClassSpaceSize: 1.00 GB
Initial GC threshold: 20.80 MB
Current GC threshold: 98.46 MB
CDS: off

CodeHeap 'non-profiled nmethods': size=238384Kb used=9506Kb max_used=9506Kb free=228877Kb
 bounds [0x0000000117027000, 0x0000000117977000, 0x00000001258f3000]
CodeHeap 'non-nmethods': size=7376Kb used=1301Kb max_used=1301Kb free=6075Kb
 bounds [0x00000001168f3000, 0x0000000116b63000, 0x0000000117027000]
 total_blobs=6120 nmethods=5511 adapters=536
 compilation: enabled
              stopped_count=0, restarted_count=0
 full_count=0

Compilation events (20 events):
Event: 316.457 Thread 0x00007f8900078000 5502       1       org.springframework.http.MediaType$$Lambda$249/0x0000000800245040::compare (12 bytes)
Event: 316.457 Thread 0x00007f8900078000 nmethod 5502 0x000000011796c290 code [0x000000011796c440, 0x000000011796c580]
Event: 316.457 Thread 0x00007f8900078000 5503       1       org.springframework.http.MediaType::lambda$static$1 (153 bytes)
Event: 316.460 Thread 0x00007f8900078000 nmethod 5503 0x000000011796c690 code [0x000000011796ca00, 0x000000011796d340]
Event: 316.462 Thread 0x00007f8900078000 5504       1       org.apache.catalina.connector.OutputBuffer::isSuspended (5 bytes)
Event: 316.462 Thread 0x00007f8900078000 nmethod 5504 0x000000011796d990 code [0x000000011796db40, 0x000000011796dbf0]
Event: 316.463 Thread 0x00007f8900078000 5505       1       java.util.concurrent.ConcurrentHashMap::<init> (73 bytes)
Event: 316.464 Thread 0x00007f8900078000 nmethod 5505 0x000000011796dc90 code [0x000000011796de80, 0x000000011796e0d0]
Event: 316.464 Thread 0x00007f8900078000 5506       1       java.util.concurrent.ConcurrentHashMap::<init> (9 bytes)
Event: 316.464 Thread 0x00007f8900078000 nmethod 5506 0x000000011796e210 code [0x000000011796e3e0, 0x000000011796e4c0]
Event: 316.481 Thread 0x00007f8900078000 5507       1       org.springframework.util.LinkedCaseInsensitiveMap::get (41 bytes)
Event: 316.482 Thread 0x00007f8900078000 nmethod 5507 0x000000011796e590 code [0x000000011796e7a0, 0x000000011796eb10]
Event: 316.482 Thread 0x00007f8900078000 5509       1       java.util.Calendar::getBaseStyle (5 bytes)
Event: 316.483 Thread 0x00007f8900078000 nmethod 5509 0x000000011796ed90 code [0x000000011796ef40, 0x000000011796eff0]
Event: 316.483 Thread 0x00007f8900078000 5510       1       org.apache.coyote.http11.Http11OutputBuffer::checkLengthBeforeWrite (38 bytes)
Event: 316.483 Thread 0x00007f8900078000 nmethod 5510 0x000000011796f090 code [0x000000011796f260, 0x000000011796f410]
Event: 316.483 Thread 0x00007f8900078000 5508       1       java.util.EventObject::getSource (5 bytes)
Event: 316.483 Thread 0x00007f8900078000 nmethod 5508 0x000000011796f510 code [0x000000011796f6c0, 0x000000011796f770]
Event: 322.836 Thread 0x00007f8900078000 5511       1       org.apache.catalina.core.ContainerBase::getBackgroundProcessorDelay (5 bytes)
Event: 322.836 Thread 0x00007f8900078000 nmethod 5511 0x000000011796f810 code [0x000000011796f9c0, 0x000000011796fa70]

GC Heap History (14 events):
Event: 0.782 GC heap before
{Heap before GC invocations=0 (full 0):
 garbage-first heap   total 131072K, used 23552K [0x0000000780000000, 0x0000000800000000)
  region size 1024K, 24 young (24576K), 0 survivors (0K)
 Metaspace       used 15479K, capacity 15964K, committed 16256K, reserved 1062912K
  class space    used 1667K, capacity 1841K, committed 1920K, reserved 1048576K
}
Event: 0.791 GC heap after
{Heap after GC invocations=1 (full 0):
 garbage-first heap   total 131072K, used 5548K [0x0000000780000000, 0x0000000800000000)
  region size 1024K, 3 young (3072K), 3 survivors (3072K)
 Metaspace       used 15479K, capacity 15964K, committed 16256K, reserved 1062912K
  class space    used 1667K, capacity 1841K, committed 1920K, reserved 1048576K
}
Event: 1.094 GC heap before
{Heap before GC invocations=1 (full 0):
 garbage-first heap   total 131072K, used 27052K [0x0000000780000000, 0x0000000800000000)
  region size 1024K, 24 young (24576K), 3 survivors (3072K)
 Metaspace       used 20121K, capacity 20772K, committed 21120K, reserved 1067008K
  class space    used 2339K, capacity 2582K, committed 2688K, reserved 1048576K
}
Event: 1.102 GC heap after
{Heap after GC invocations=2 (full 0):
 garbage-first heap   total 131072K, used 7207K [0x0000000780000000, 0x0000000800000000)
  region size 1024K, 2 young (2048K), 2 survivors (2048K)
 Metaspace       used 20121K, capacity 20772K, committed 21120K, reserved 1067008K
  class space    used 2339K, capacity 2582K, committed 2688K, reserved 1048576K
}
Event: 1.133 GC heap before
{Heap before GC invocations=2 (full 0):
 garbage-first heap   total 131072K, used 9255K [0x0000000780000000, 0x0000000800000000)
  region size 1024K, 5 young (5120K), 2 survivors (2048K)
 Metaspace       used 20536K, capacity 21193K, committed 21296K, reserved 1069056K
  class space    used 2391K, capacity 2659K, committed 2688K, reserved 1048576K
}
Event: 1.135 GC heap after
{Heap after GC invocations=3 (full 0):
 garbage-first heap   total 131072K, used 7231K [0x0000000780000000, 0x0000000800000000)
  region size 1024K, 2 young (2048K), 2 survivors (2048K)
 Metaspace       used 20536K, capacity 21193K, committed 21296K, reserved 1069056K
  class space    used 2391K, capacity 2659K, committed 2688K, reserved 1048576K
}
Event: 1.714 GC heap before
{Heap before GC invocations=4 (full 0):
 garbage-first heap   total 131072K, used 63551K [0x0000000780000000, 0x0000000800000000)
  region size 1024K, 58 young (59392K), 2 survivors (2048K)
 Metaspace       used 27852K, capacity 28661K, committed 28976K, reserved 1075200K
  class space    used 3338K, capacity 3656K, committed 3712K, reserved 1048576K
}
Event: 1.720 GC heap after
{Heap after GC invocations=5 (full 0):
 garbage-first heap   total 131072K, used 9313K [0x0000000780000000, 0x0000000800000000)
  region size 1024K, 4 young (4096K), 4 survivors (4096K)
 Metaspace       used 27852K, capacity 28661K, committed 28976K, reserved 1075200K
  class space    used 3338K, capacity 3656K, committed 3712K, reserved 1048576K
}
Event: 2.354 GC heap before
{Heap before GC invocations=5 (full 0):
 garbage-first heap   total 131072K, used 59489K [0x0000000780000000, 0x0000000800000000)
  region size 1024K, 55 young (56320K), 4 survivors (4096K)
 Metaspace       used 34632K, capacity 35708K, committed 35888K, reserved 1081344K
  class space    used 4245K, capacity 4658K, committed 4736K, reserved 1048576K
}
Event: 2.365 GC heap after
{Heap after GC invocations=6 (full 0):
 garbage-first heap   total 131072K, used 12762K [0x0000000780000000, 0x0000000800000000)
  region size 1024K, 7 young (7168K), 7 survivors (7168K)
 Metaspace       used 34632K, capacity 35708K, committed 35888K, reserved 1081344K
  class space    used 4245K, capacity 4658K, committed 4736K, reserved 1048576K
}
Event: 3.221 GC heap before
{Heap before GC invocations=7 (full 0):
 garbage-first heap   total 131072K, used 83418K [0x0000000780000000, 0x0000000800000000)
  region size 1024K, 76 young (77824K), 7 survivors (7168K)
 Metaspace       used 44431K, capacity 45731K, committed 46000K, reserved 1089536K
  class space    used 5494K, capacity 6017K, committed 6144K, reserved 1048576K
}
Event: 3.239 GC heap after
{Heap after GC invocations=8 (full 0):
 garbage-first heap   total 157696K, used 18225K [0x0000000780000000, 0x0000000800000000)
  region size 1024K, 9 young (9216K), 9 survivors (9216K)
 Metaspace       used 44431K, capacity 45731K, committed 46000K, reserved 1089536K
  class space    used 5494K, capacity 6017K, committed 6144K, reserved 1048576K
}
Event: 9.397 GC heap before
{Heap before GC invocations=8 (full 0):
 garbage-first heap   total 157696K, used 87857K [0x0000000780000000, 0x0000000800000000)
  region size 1024K, 79 young (80896K), 9 survivors (9216K)
 Metaspace       used 58342K, capacity 59931K, committed 60240K, reserved 1101824K
  class space    used 7009K, capacity 7641K, committed 7680K, reserved 1048576K
}
Event: 9.409 GC heap after
{Heap after GC invocations=9 (full 0):
 garbage-first heap   total 157696K, used 23275K [0x0000000780000000, 0x0000000800000000)
  region size 1024K, 11 young (11264K), 11 survivors (11264K)
 Metaspace       used 58342K, capacity 59931K, committed 60240K, reserved 1101824K
  class space    used 7009K, capacity 7641K, committed 7680K, reserved 1048576K
}

Deoptimization events (4 events):
Event: 2.975 Thread 0x00007f890080d800 DEOPT PACKING pc=0x0000000117329309 sp=0x0000000309915150
Event: 2.975 Thread 0x00007f890080d800 DEOPT UNPACKING pc=0x000000011693d62b sp=0x0000000309914678 mode 3
Event: 9.903 Thread 0x00007f88cfca4000 DEOPT PACKING pc=0x0000000117178194 sp=0x000000030bc8e9c0
Event: 9.903 Thread 0x00007f88cfca4000 DEOPT UNPACKING pc=0x000000011693d62b sp=0x000000030bc8def8 mode 0

Classes redefined (0 events):
No events

Internal exceptions (20 events):
Event: 3.532 Thread 0x00007f890080d800 Exception <a 'java/lang/NoSuchMethodError'{0x0000000788d8ffc0}: 'java.lang.Object java.lang.invoke.DirectMethodHandle$Holder.invokeStatic(java.lang.Object, java.lang.Object, java.lang.Object, int, int)'> (0x0000000788d8ffc0) thrown at [./src/hotspot/share/interpreter/linkResolver.cpp, line 773]
Event: 3.533 Thread 0x00007f890080d800 Exception <a 'java/lang/NoSuchMethodError'{0x0000000788d93af8}: 'java.lang.Object java.lang.invoke.DirectMethodHandle$Holder.invokeSpecial(java.lang.Object, java.lang.Object, java.lang.Object, java.lang.Object, int, int)'> (0x0000000788d93af8) thrown at [./src/hotspot/share/interpreter/linkResolver.cpp, line 773]
Event: 3.533 Thread 0x00007f890080d800 Exception <a 'java/lang/NoSuchMethodError'{0x0000000788d96ea8}: 'java.lang.Object java.lang.invoke.Invokers$Holder.linkToTargetMethod(java.lang.Object, java.lang.Object, int, int, java.lang.Object)'> (0x0000000788d96ea8) thrown at [./src/hotspot/share/interpreter/linkResolver.cpp, line 773]
Event: 3.543 Thread 0x00007f890080d800 Exception <a 'java/lang/IncompatibleClassChangeError'{0x0000000788c559b0}: Found class java.lang.Object, but interface was expected> (0x0000000788c559b0) thrown at [./src/hotspot/share/interpreter/linkResolver.cpp, line 839]
Event: 3.559 Thread 0x00007f890080d800 Exception <a 'java/lang/IncompatibleClassChangeError'{0x0000000788b952a0}: Found class java.lang.Object, but interface was expected> (0x0000000788b952a0) thrown at [./src/hotspot/share/interpreter/linkResolver.cpp, line 839]
Event: 3.614 Thread 0x00007f890080d800 Exception <a 'java/lang/NoSuchMethodError'{0x0000000788703c00}: 'java.lang.Object java.lang.invoke.DirectMethodHandle$Holder.invokeSpecial(java.lang.Object, java.lang.Object, int, java.lang.Object, int, java.lang.Object)'> (0x0000000788703c00) thrown at [./src/hotspot/share/interpreter/linkResolver.cpp, line 773]
Event: 3.615 Thread 0x00007f890080d800 Exception <a 'java/lang/NoSuchMethodError'{0x000000078870b0e8}: 'java.lang.Object java.lang.invoke.DirectMethodHandle$Holder.invokeStatic(java.lang.Object, java.lang.Object, int, java.lang.Object, int)'> (0x000000078870b0e8) thrown at [./src/hotspot/share/interpreter/linkResolver.cpp, line 773]
Event: 3.616 Thread 0x00007f890080d800 Exception <a 'java/lang/NoSuchMethodError'{0x000000078870e8c8}: 'java.lang.Object java.lang.invoke.DirectMethodHandle$Holder.invokeSpecial(java.lang.Object, java.lang.Object, java.lang.Object, int, java.lang.Object, int)'> (0x000000078870e8c8) thrown at [./src/hotspot/share/interpreter/linkResolver.cpp, line 773]
Event: 3.617 Thread 0x00007f890080d800 Exception <a 'java/lang/NoSuchMethodError'{0x0000000788717ba8}: 'void java.lang.invoke.DirectMethodHandle$Holder.invokeVirtual(java.lang.Object, java.lang.Object)'> (0x0000000788717ba8) thrown at [./src/hotspot/share/interpreter/linkResolver.cpp, line 773]
Event: 9.234 Thread 0x00007f8900be7800 Exception <a 'java/lang/ClassNotFoundException'{0x00000007869f3be8}: org/apache/taglibs/standard/tag/rt/core/IfTagBeanInfo> (0x00000007869f3be8) thrown at [./src/hotspot/share/classfile/systemDictionary.cpp, line 233]
Event: 9.235 Thread 0x00007f8900be7800 Exception <a 'java/lang/ClassNotFoundException'{0x0000000786803918}: javax/servlet/jsp/jstl/core/ConditionalTagSupportBeanInfo> (0x0000000786803918) thrown at [./src/hotspot/share/classfile/systemDictionary.cpp, line 233]
Event: 9.235 Thread 0x00007f8900be7800 Exception <a 'java/lang/ClassNotFoundException'{0x0000000786811fb8}: javax/servlet/jsp/tagext/TagSupportBeanInfo> (0x0000000786811fb8) thrown at [./src/hotspot/share/classfile/systemDictionary.cpp, line 233]
Event: 9.235 Thread 0x00007f8900be7800 Exception <a 'java/lang/ClassNotFoundException'{0x0000000786815588}: java/lang/ObjectBeanInfo> (0x0000000786815588) thrown at [./src/hotspot/share/classfile/systemDictionary.cpp, line 233]
Event: 9.236 Thread 0x00007f8900be7800 Exception <a 'java/lang/ClassNotFoundException'{0x0000000786818b90}: java/lang/ObjectCustomizer> (0x0000000786818b90) thrown at [./src/hotspot/share/classfile/systemDictionary.cpp, line 233]
Event: 9.237 Thread 0x00007f8900be7800 Exception <a 'java/lang/ClassNotFoundException'{0x000000078682a7b8}: javax/servlet/jsp/tagext/TagSupportCustomizer> (0x000000078682a7b8) thrown at [./src/hotspot/share/classfile/systemDictionary.cpp, line 233]
Event: 9.240 Thread 0x00007f8900be7800 Exception <a 'java/lang/ClassNotFoundException'{0x0000000786845080}: javax/servlet/jsp/jstl/core/ConditionalTagSupportCustomizer> (0x0000000786845080) thrown at [./src/hotspot/share/classfile/systemDictionary.cpp, line 233]
Event: 9.241 Thread 0x00007f8900be7800 Exception <a 'java/lang/ClassNotFoundException'{0x000000078685a300}: org/apache/taglibs/standard/tag/rt/core/IfTagCustomizer> (0x000000078685a300) thrown at [./src/hotspot/share/classfile/systemDictionary.cpp, line 233]
Event: 9.521 Thread 0x00007f8900be7800 Exception <a 'java/lang/ArrayIndexOutOfBoundsException'{0x00000007894e3048}: Index 13055 out of bounds for length 13055> (0x00000007894e3048) thrown at [./src/hotspot/share/interpreter/interpreterRuntime.cpp, line 444]
Event: 9.917 Thread 0x00007f88cfca4000 Exception <a 'java/io/IOException'{0x0000000787d5af60}> (0x0000000787d5af60) thrown at [./src/hotspot/share/prims/jni.cpp, line 617]
Event: 21.169 Thread 0x00007f88ff909000 Exception <a 'java/lang/ArrayIndexOutOfBoundsException'{0x0000000787a0e050}> (0x0000000787a0e050) thrown at [./src/hotspot/share/runtime/sharedRuntime.cpp, line 609]

Events (20 events):
Event: 21.193 Executing VM operation: RevokeBias
Event: 21.193 Executing VM operation: RevokeBias done
Event: 93.576 Executing VM operation: RevokeBias
Event: 93.577 Executing VM operation: RevokeBias done
Event: 93.591 Executing VM operation: RevokeBias
Event: 93.591 Executing VM operation: RevokeBias done
Event: 93.602 loading class java/text/ParsePosition
Event: 93.603 loading class java/text/ParsePosition done
Event: 93.603 loading class java/text/CalendarBuilder
Event: 93.604 loading class java/text/CalendarBuilder done
Event: 93.604 Executing VM operation: RevokeBias
Event: 93.605 Executing VM operation: RevokeBias done
Event: 93.605 Executing VM operation: RevokeBias
Event: 93.605 Executing VM operation: RevokeBias done
Event: 153.941 Executing VM operation: RevokeBias
Event: 153.942 Executing VM operation: RevokeBias done
Event: 315.230 Executing VM operation: RevokeBias
Event: 315.231 Executing VM operation: RevokeBias done
Event: 315.236 loading class java/util/concurrent/atomic/Striped64$Cell
Event: 315.237 loading class java/util/concurrent/atomic/Striped64$Cell done


Dynamic libraries:
0x000000010b08d000 	/Library/Java/JavaVirtualMachines/zulu-11.jdk/Contents/Home/lib/jli/libjli.dylib
0x00007ff8308c0000 	/System/Library/Frameworks/Cocoa.framework/Versions/A/Cocoa
0x00007ff81b41b000 	/System/Library/Frameworks/AppKit.framework/Versions/C/AppKit
0x00007ff81e0d2000 	/System/Library/Frameworks/CoreData.framework/Versions/A/CoreData
0x00007ff819108000 	/System/Library/Frameworks/Foundation.framework/Versions/C/Foundation
0x00007ff82447e000 	/usr/lib/libSystem.B.dylib
0x00007ff81c423000 	/System/Library/PrivateFrameworks/UIFoundation.framework/Versions/A/UIFoundation
0x00007ffb18426000 	/System/Library/PrivateFrameworks/CollectionViewCore.framework/Versions/A/CollectionViewCore
0x00007ff82a8bf000 	/System/Library/PrivateFrameworks/RemoteViewServices.framework/Versions/A/RemoteViewServices
0x00007ff822538000 	/System/Library/PrivateFrameworks/XCTTargetBootstrap.framework/Versions/A/XCTTargetBootstrap
0x00007ff8263ab000 	/System/Library/PrivateFrameworks/InternationalSupport.framework/Versions/A/InternationalSupport
0x00007ff826434000 	/System/Library/PrivateFrameworks/UserActivity.framework/Versions/A/UserActivity
0x00007ffb2e68c000 	/System/Library/PrivateFrameworks/WindowManagement.framework/Versions/A/WindowManagement
0x00007ff818df4000 	/System/Library/Frameworks/SystemConfiguration.framework/Versions/A/SystemConfiguration
0x00007ff8257a9000 	/usr/lib/libspindump.dylib
0x00007ff81c5f1000 	/System/Library/Frameworks/UniformTypeIdentifiers.framework/Versions/A/UniformTypeIdentifiers
0x00007ff820a18000 	/usr/lib/libapp_launch_measurement.dylib
0x00007ff81f68d000 	/System/Library/PrivateFrameworks/CoreAnalytics.framework/Versions/A/CoreAnalytics
0x00007ff820a1b000 	/System/Library/PrivateFrameworks/CoreAutoLayout.framework/Versions/A/CoreAutoLayout
0x00007ff821dac000 	/System/Library/Frameworks/Metal.framework/Versions/A/Metal
0x00007ff822cfe000 	/usr/lib/liblangid.dylib
0x00007ff82253d000 	/System/Library/PrivateFrameworks/CoreSVG.framework/Versions/A/CoreSVG
0x00007ff81cf28000 	/System/Library/PrivateFrameworks/SkyLight.framework/Versions/A/SkyLight
0x00007ff81d312000 	/System/Library/Frameworks/CoreGraphics.framework/Versions/A/CoreGraphics
0x00007ff82af91000 	/System/Library/Frameworks/Accelerate.framework/Versions/A/Accelerate
0x00007ff82521e000 	/System/Library/PrivateFrameworks/IconServices.framework/Versions/A/IconServices
0x00007ff821d8f000 	/System/Library/Frameworks/IOSurface.framework/Versions/A/IOSurface
0x00007ff81f6b7000 	/usr/lib/libDiagnosticMessagesClient.dylib
0x00007ff824394000 	/usr/lib/libz.1.dylib
0x00007ff82e4d9000 	/System/Library/Frameworks/ApplicationServices.framework/Versions/A/ApplicationServices
0x00007ff822524000 	/System/Library/PrivateFrameworks/DFRFoundation.framework/Versions/A/DFRFoundation
0x00007ff81ace3000 	/usr/lib/libicucore.A.dylib
0x00007ff82724d000 	/System/Library/Frameworks/AudioToolbox.framework/Versions/A/AudioToolbox
0x00007ff8263b6000 	/System/Library/PrivateFrameworks/DataDetectorsCore.framework/Versions/A/DataDetectorsCore
0x00007ff91fb92000 	/System/Library/PrivateFrameworks/TextInput.framework/Versions/A/TextInput
0x00007ff81ce9d000 	/usr/lib/libMobileGestalt.dylib
0x00007ff82222c000 	/System/Library/Frameworks/Carbon.framework/Versions/A/Frameworks/HIToolbox.framework/Versions/A/HIToolbox
0x00007ff8203ba000 	/System/Library/Frameworks/QuartzCore.framework/Versions/A/QuartzCore
0x00007ff81a962000 	/System/Library/Frameworks/Security.framework/Versions/A/Security
0x00007ff82a8f7000 	/System/Library/Frameworks/Carbon.framework/Versions/A/Frameworks/SpeechRecognition.framework/Versions/A/SpeechRecognition
0x00007ff820758000 	/System/Library/PrivateFrameworks/CoreUI.framework/Versions/A/CoreUI
0x00007ff81a244000 	/System/Library/Frameworks/CoreAudio.framework/Versions/A/CoreAudio
0x00007ff81f791000 	/System/Library/Frameworks/DiskArbitration.framework/Versions/A/DiskArbitration
0x00007ff825bc6000 	/System/Library/PrivateFrameworks/MultitouchSupport.framework/Versions/A/MultitouchSupport
0x00007ff81ce9c000 	/usr/lib/libenergytrace.dylib
0x00007ff81b2fd000 	/System/Library/Frameworks/IOKit.framework/Versions/A/IOKit
0x00007ff82acf0000 	/System/Library/Frameworks/CoreServices.framework/Versions/A/CoreServices
0x00007ff8209b0000 	/System/Library/PrivateFrameworks/PerformanceAnalysis.framework/Versions/A/PerformanceAnalysis
0x00007ffa2e3d8000 	/System/Library/Frameworks/OpenGL.framework/Versions/A/OpenGL
0x00007ff820a63000 	/usr/lib/libxml2.2.dylib
0x00007ff82390a000 	/System/Library/PrivateFrameworks/MobileKeyBag.framework/Versions/A/MobileKeyBag
0x00007ff817f84000 	/usr/lib/libobjc.A.dylib
0x00007ff81824a000 	/usr/lib/libc++.1.dylib
0x00007ff81db34000 	/System/Library/Frameworks/ColorSync.framework/Versions/A/ColorSync
0x00007ff818355000 	/System/Library/Frameworks/CoreFoundation.framework/Versions/A/CoreFoundation
0x00007ff8228db000 	/System/Library/Frameworks/CoreImage.framework/Versions/A/CoreImage
0x00007ff81a055000 	/System/Library/Frameworks/CoreText.framework/Versions/A/CoreText
0x00007ff822578000 	/System/Library/Frameworks/ImageIO.framework/Versions/A/ImageIO
0x00007ff824484000 	/System/Library/PrivateFrameworks/SoftLinking.framework/Versions/A/SoftLinking
0x00007ff824704000 	/usr/lib/libcompression.dylib
0x00007ff8262dd000 	/System/Library/PrivateFrameworks/TextureIO.framework/Versions/A/TextureIO
0x00007ff824e4e000 	/usr/lib/libate.dylib
0x00007ff824479000 	/usr/lib/system/libcache.dylib
0x00007ff824434000 	/usr/lib/system/libcommonCrypto.dylib
0x00007ff82445d000 	/usr/lib/system/libcompiler_rt.dylib
0x00007ff824453000 	/usr/lib/system/libcopyfile.dylib
0x00007ff8180b3000 	/usr/lib/system/libcorecrypto.dylib
0x00007ff818177000 	/usr/lib/system/libdispatch.dylib
0x00007ff8182ff000 	/usr/lib/system/libdyld.dylib
0x00007ff82446f000 	/usr/lib/system/libkeymgr.dylib
0x00007ff824413000 	/usr/lib/system/libmacho.dylib
0x00007ff8239f7000 	/usr/lib/system/libquarantine.dylib
0x00007ff82446d000 	/usr/lib/system/libremovefile.dylib
0x00007ff81cef6000 	/usr/lib/system/libsystem_asl.dylib
0x00007ff818055000 	/usr/lib/system/libsystem_blocks.dylib
0x00007ff8181c1000 	/usr/lib/system/libsystem_c.dylib
0x00007ff824465000 	/usr/lib/system/libsystem_collections.dylib
0x00007ff822cef000 	/usr/lib/system/libsystem_configuration.dylib
0x00007ff821d60000 	/usr/lib/system/libsystem_containermanager.dylib
0x00007ff8240d5000 	/usr/lib/system/libsystem_coreservices.dylib
0x00007ff81af77000 	/usr/lib/system/libsystem_darwin.dylib
0x00007ff824470000 	/usr/lib/system/libsystem_dnssd.dylib
0x00007ff8181be000 	/usr/lib/system/libsystem_featureflags.dylib
0x00007ff81832a000 	/usr/lib/system/libsystem_info.dylib
0x00007ff8243a7000 	/usr/lib/system/libsystem_m.dylib
0x00007ff81814a000 	/usr/lib/system/libsystem_malloc.dylib
0x00007ff81ce85000 	/usr/lib/system/libsystem_networkextension.dylib
0x00007ff81b3bc000 	/usr/lib/system/libsystem_notify.dylib
0x00007ff822cf3000 	/usr/lib/system/libsystem_sandbox.dylib
0x00007ff82446a000 	/usr/lib/system/libsystem_secinit.dylib
0x00007ff8182b9000 	/usr/lib/system/libsystem_kernel.dylib
0x00007ff818320000 	/usr/lib/system/libsystem_platform.dylib
0x00007ff8182f3000 	/usr/lib/system/libsystem_pthread.dylib
0x00007ff81e946000 	/usr/lib/system/libsystem_symptoms.dylib
0x00007ff818099000 	/usr/lib/system/libsystem_trace.dylib
0x00007ff824440000 	/usr/lib/system/libunwind.dylib
0x00007ff818059000 	/usr/lib/system/libxpc.dylib
0x00007ff8182a3000 	/usr/lib/libc++abi.dylib
0x00007ff82444b000 	/usr/lib/liboah.dylib
0x00007ff824bdf000 	/usr/lib/liblzma.5.dylib
0x00007ff824480000 	/usr/lib/libfakelink.dylib
0x00007ff81cadf000 	/System/Library/Frameworks/CFNetwork.framework/Versions/A/CFNetwork
0x00007ff8245bd000 	/usr/lib/libarchive.2.dylib
0x00007ff828b98000 	/System/Library/Frameworks/Combine.framework/Versions/A/Combine
0x00007ff826cc5000 	/usr/lib/swift/libswiftCore.dylib
0x00007ff91cbde000 	/usr/lib/swift/libswiftCoreFoundation.dylib
0x00007ff91abb7000 	/usr/lib/swift/libswiftDarwin.dylib
0x00007ff82c50d000 	/usr/lib/swift/libswiftDispatch.dylib
0x00007ff91cbfa000 	/usr/lib/swift/libswiftIOKit.dylib
0x00007ff82e90e000 	/usr/lib/swift/libswiftObjectiveC.dylib
0x00007ff91cbef000 	/usr/lib/swift/libswiftXPC.dylib
0x00007ffb34f61000 	/usr/lib/swift/libswift_Concurrency.dylib
0x00007ffb350a0000 	/usr/lib/swift/libswift_StringProcessing.dylib
0x00007ff82e912000 	/usr/lib/swift/libswiftos.dylib
0x00007ff81b27e000 	/System/Library/PrivateFrameworks/CoreServicesInternal.framework/Versions/A/CoreServicesInternal
0x00007ff823a1e000 	/usr/lib/libbsm.0.dylib
0x00007ff824418000 	/usr/lib/system/libkxld.dylib
0x00007ff8209e4000 	/System/Library/Frameworks/CoreServices.framework/Versions/A/Frameworks/FSEvents.framework/Versions/A/FSEvents
0x00007ff81af82000 	/System/Library/Frameworks/CoreServices.framework/Versions/A/Frameworks/CarbonCore.framework/Versions/A/CarbonCore
0x00007ff81f6fa000 	/System/Library/Frameworks/CoreServices.framework/Versions/A/Frameworks/Metadata.framework/Versions/A/Metadata
0x00007ff8240db000 	/System/Library/Frameworks/CoreServices.framework/Versions/A/Frameworks/OSServices.framework/Versions/A/OSServices
0x00007ff824645000 	/System/Library/Frameworks/CoreServices.framework/Versions/A/Frameworks/SearchKit.framework/Versions/A/SearchKit
0x00007ff81e8cd000 	/System/Library/Frameworks/CoreServices.framework/Versions/A/Frameworks/AE.framework/Versions/A/AE
0x00007ff8187ed000 	/System/Library/Frameworks/CoreServices.framework/Versions/A/Frameworks/LaunchServices.framework/Versions/A/LaunchServices
0x00007ff824b90000 	/System/Library/Frameworks/CoreServices.framework/Versions/A/Frameworks/DictionaryServices.framework/Versions/A/DictionaryServices
0x00007ff8209f1000 	/System/Library/Frameworks/CoreServices.framework/Versions/A/Frameworks/SharedFileList.framework/Versions/A/SharedFileList
0x00007ff8246d1000 	/usr/lib/libapple_nghttp2.dylib
0x00007ff81cadb000 	/usr/lib/libnetwork.dylib
0x00007ff81e54b000 	/usr/lib/libsqlite3.dylib
0x00007ff81e94e000 	/System/Library/Frameworks/Network.framework/Versions/A/Network
0x00007ffb33f50000 	/usr/lib/libCoreEntitlements.dylib
0x00007ffb218e1000 	/System/Library/PrivateFrameworks/MessageSecurity.framework/Versions/A/MessageSecurity
0x00007ff81e532000 	/System/Library/PrivateFrameworks/ProtocolBuffer.framework/Versions/A/ProtocolBuffer
0x00007ff8240b5000 	/System/Library/PrivateFrameworks/AppleFSCompression.framework/Versions/A/AppleFSCompression
0x00007ff823a06000 	/usr/lib/libcoretls.dylib
0x00007ff824bf9000 	/usr/lib/libcoretls_cfhelpers.dylib
0x00007ff8246fe000 	/usr/lib/libpam.2.dylib
0x00007ff824c66000 	/usr/lib/libxar.1.dylib
0x00007ff8251fa000 	/usr/lib/libheimdal-asn1.dylib
0x00007ff824485000 	/usr/lib/libpcap.A.dylib
0x00007ff81e93d000 	/usr/lib/libdns_services.dylib
0x00007ff822cfa000 	/System/Library/PrivateFrameworks/AppleSystemInfo.framework/Versions/A/AppleSystemInfo
0x00007ff823713000 	/System/Library/PrivateFrameworks/IOMobileFramebuffer.framework/Versions/A/IOMobileFramebuffer
0x00007ff8240c5000 	/usr/lib/libbz2.1.0.dylib
0x00007ff8239fa000 	/usr/lib/libCheckFix.dylib
0x00007ff81cf0d000 	/System/Library/PrivateFrameworks/TCC.framework/Versions/A/TCC
0x00007ff822d00000 	/System/Library/PrivateFrameworks/CoreNLP.framework/Versions/A/CoreNLP
0x00007ff81f6b9000 	/System/Library/PrivateFrameworks/MetadataUtilities.framework/Versions/A/MetadataUtilities
0x00007ff823a2e000 	/usr/lib/libmecab.dylib
0x00007ff818e73000 	/usr/lib/libCRFSuite.dylib
0x00007ff823a88000 	/usr/lib/libgermantok.dylib
0x00007ff8246ac000 	/usr/lib/libThaiTokenizer.dylib
0x00007ff81f799000 	/System/Library/Frameworks/Accelerate.framework/Versions/A/Frameworks/vImage.framework/Versions/A/vImage
0x00007ff82acc3000 	/System/Library/Frameworks/Accelerate.framework/Versions/A/Frameworks/vecLib.framework/Versions/A/vecLib
0x00007ff824ca8000 	/System/Library/Frameworks/Accelerate.framework/Versions/A/Frameworks/vecLib.framework/Versions/A/libvMisc.dylib
0x00007ff82350e000 	/System/Library/Frameworks/Accelerate.framework/Versions/A/Frameworks/vecLib.framework/Versions/A/libvDSP.dylib
0x00007ff818ba9000 	/System/Library/Frameworks/Accelerate.framework/Versions/A/Frameworks/vecLib.framework/Versions/A/libBLAS.dylib
0x00007ff8247e3000 	/System/Library/Frameworks/Accelerate.framework/Versions/A/Frameworks/vecLib.framework/Versions/A/libLAPACK.dylib
0x00007ff823a8b000 	/System/Library/Frameworks/Accelerate.framework/Versions/A/Frameworks/vecLib.framework/Versions/A/libLinearAlgebra.dylib
0x00007ff8246e9000 	/System/Library/Frameworks/Accelerate.framework/Versions/A/Frameworks/vecLib.framework/Versions/A/libSparseBLAS.dylib
0x00007ff8247dd000 	/System/Library/Frameworks/Accelerate.framework/Versions/A/Frameworks/vecLib.framework/Versions/A/libQuadrature.dylib
0x00007ff822dec000 	/System/Library/Frameworks/Accelerate.framework/Versions/A/Frameworks/vecLib.framework/Versions/A/libBNNS.dylib
0x00007ff818d7d000 	/System/Library/Frameworks/Accelerate.framework/Versions/A/Frameworks/vecLib.framework/Versions/A/libSparse.dylib
0x00007ffb20be0000 	/System/Library/PrivateFrameworks/MIL.framework/Versions/A/MIL
0x00007ff8244ba000 	/usr/lib/libiconv.2.dylib
0x00007ff824412000 	/usr/lib/libcharset.1.dylib
0x00007ff8209c8000 	/System/Library/Frameworks/OpenDirectory.framework/Versions/A/Frameworks/CFOpenDirectory.framework/Versions/A/CFOpenDirectory
0x00007ff8209bc000 	/System/Library/Frameworks/OpenDirectory.framework/Versions/A/OpenDirectory
0x00007ff824bfb000 	/System/Library/PrivateFrameworks/APFS.framework/Versions/A/APFS
0x00007ff82393d000 	/System/Library/Frameworks/SecurityFoundation.framework/Versions/A/SecurityFoundation
0x00007ff824c74000 	/usr/lib/libutil.dylib
0x00007ffb1fd7e000 	/System/Library/PrivateFrameworks/InstalledContentLibrary.framework/Versions/A/InstalledContentLibrary
0x00007ff81b2c1000 	/System/Library/PrivateFrameworks/CoreServicesStore.framework/Versions/A/CoreServicesStore
0x00007ffa36fc3000 	/System/Library/PrivateFrameworks/AppleMobileFileIntegrity.framework/Versions/A/AppleMobileFileIntegrity
0x00007ff91cbbe000 	/usr/lib/libmis.dylib
0x00007ff92b1af000 	/System/Library/PrivateFrameworks/MobileSystemServices.framework/Versions/A/MobileSystemServices
0x00007ffa252e4000 	/System/Library/PrivateFrameworks/ConfigProfileHelper.framework/Versions/A/ConfigProfileHelper
0x00007ff8246ae000 	/System/Library/PrivateFrameworks/AppleSauce.framework/Versions/A/AppleSauce
0x00007ff819b1a000 	/System/Library/PrivateFrameworks/LanguageModeling.framework/Versions/A/LanguageModeling
0x00007ff824c78000 	/usr/lib/libxslt.1.dylib
0x00007ff8245ac000 	/usr/lib/libcmph.dylib
0x00007ff823701000 	/System/Library/PrivateFrameworks/CoreEmoji.framework/Versions/A/CoreEmoji
0x00007ff822de6000 	/System/Library/PrivateFrameworks/LinguisticData.framework/Versions/A/LinguisticData
0x00007ff818d33000 	/System/Library/PrivateFrameworks/Lexicon.framework/Versions/A/Lexicon
0x00007ff8239cb000 	/System/Library/PrivateFrameworks/BackgroundTaskManagement.framework/Versions/A/BackgroundTaskManagement
0x00007ffb34086000 	/usr/lib/libTLE.dylib
0x00007ffb34fe5000 	/usr/lib/swift/libswift_RegexParser.dylib
0x00007ff825a90000 	/System/Library/PrivateFrameworks/AppleJPEG.framework/Versions/A/AppleJPEG
0x00007ff8251df000 	/usr/lib/libexpat.1.dylib
0x00007ff82613a000 	/System/Library/Frameworks/ImageIO.framework/Versions/A/Resources/libPng.dylib
0x00007ff826167000 	/System/Library/Frameworks/ImageIO.framework/Versions/A/Resources/libTIFF.dylib
0x00007ff826257000 	/System/Library/Frameworks/ImageIO.framework/Versions/A/Resources/libGIF.dylib
0x00007ff825adb000 	/System/Library/Frameworks/ImageIO.framework/Versions/A/Resources/libJP2.dylib
0x00007ff8261f7000 	/System/Library/Frameworks/ImageIO.framework/Versions/A/Resources/libJPEG.dylib
0x00007ff8261ee000 	/System/Library/Frameworks/ImageIO.framework/Versions/A/Resources/libRadiance.dylib
0x00007ff8220c2000 	/System/Library/PrivateFrameworks/FontServices.framework/libFontParser.dylib
0x00007ff81e872000 	/System/Library/PrivateFrameworks/RunningBoardServices.framework/Versions/A/RunningBoardServices
0x00007ff830efd000 	/System/Library/PrivateFrameworks/IOSurfaceAccelerator.framework/Versions/A/IOSurfaceAccelerator
0x00007ff825bc2000 	/System/Library/PrivateFrameworks/WatchdogClient.framework/Versions/A/WatchdogClient
0x00007ff819c7c000 	/System/Library/Frameworks/CoreDisplay.framework/Versions/A/CoreDisplay
0x00007ff821fb1000 	/System/Library/Frameworks/CoreMedia.framework/Versions/A/CoreMedia
0x00007ff821da3000 	/System/Library/PrivateFrameworks/IOAccelerator.framework/Versions/A/IOAccelerator
0x00007ff820b42000 	/System/Library/Frameworks/CoreVideo.framework/Versions/A/CoreVideo
0x00007ff8246fc000 	/System/Library/Frameworks/MetalPerformanceShaders.framework/Versions/A/MetalPerformanceShaders
0x00007ff825bff000 	/System/Library/Frameworks/VideoToolbox.framework/Versions/A/VideoToolbox
0x00007ff81e7b6000 	/System/Library/PrivateFrameworks/BaseBoard.framework/Versions/A/BaseBoard
0x00007ff8261e7000 	/System/Library/PrivateFrameworks/GPUWrangler.framework/Versions/A/GPUWrangler
0x00007ff8261cb000 	/System/Library/PrivateFrameworks/IOPresentment.framework/Versions/A/IOPresentment
0x00007ff8261f1000 	/System/Library/PrivateFrameworks/DSExternalDisplay.framework/Versions/A/DSExternalDisplay
0x00007ffb1c412000 	/System/Library/PrivateFrameworks/GPUCompiler.framework/Versions/31001/Libraries/libllvm-flatbuffers.dylib
0x00007ffa2e3cc000 	/System/Library/Frameworks/OpenGL.framework/Versions/A/Libraries/libCoreFSCache.dylib
0x00007ffb1c40e000 	/System/Library/PrivateFrameworks/GPUCompiler.framework/Versions/31001/Libraries/libGPUCompilerUtils.dylib
0x00007ff82625d000 	/System/Library/PrivateFrameworks/CMCaptureCore.framework/Versions/A/CMCaptureCore
0x00007ffa315c3000 	/System/Library/Frameworks/ExtensionFoundation.framework/Versions/A/ExtensionFoundation
0x00007ff82cc89000 	/System/Library/PrivateFrameworks/CoreTime.framework/Versions/A/CoreTime
0x00007ff825793000 	/System/Library/PrivateFrameworks/AppServerSupport.framework/Versions/A/AppServerSupport
0x00007ff827b18000 	/System/Library/PrivateFrameworks/perfdata.framework/Versions/A/perfdata
0x00007ff819da8000 	/System/Library/PrivateFrameworks/AudioToolboxCore.framework/Versions/A/AudioToolboxCore
0x00007ff821f8b000 	/System/Library/PrivateFrameworks/caulk.framework/Versions/A/caulk
0x00007ff8273e5000 	/usr/lib/libAudioStatistics.dylib
0x00007ff91c05a000 	/System/Library/PrivateFrameworks/SystemPolicy.framework/Versions/A/SystemPolicy
0x00007ff827683000 	/usr/lib/libSMC.dylib
0x00007ff830765000 	/System/Library/Frameworks/CoreMIDI.framework/Versions/A/CoreMIDI
0x00007ff826108000 	/usr/lib/libAudioToolboxUtility.dylib
0x00007ff835c88000 	/System/Library/PrivateFrameworks/OSAServicesClient.framework/Versions/A/OSAServicesClient
0x00007ff827b25000 	/usr/lib/libperfcheck.dylib
0x00007ff8250c3000 	/System/Library/PrivateFrameworks/PlugInKit.framework/Versions/A/PlugInKit
0x00007ff823930000 	/System/Library/PrivateFrameworks/AssertionServices.framework/Versions/A/AssertionServices
0x00007ffa2e427000 	/System/Library/Frameworks/OpenGL.framework/Versions/A/Libraries/libGLU.dylib
0x00007ffa2e3eb000 	/System/Library/Frameworks/OpenGL.framework/Versions/A/Libraries/libGFXShared.dylib
0x00007ffa2e5f4000 	/System/Library/Frameworks/OpenGL.framework/Versions/A/Libraries/libGL.dylib
0x00007ffa2e3f4000 	/System/Library/Frameworks/OpenGL.framework/Versions/A/Libraries/libGLImage.dylib
0x00007ffa2e3e8000 	/System/Library/Frameworks/OpenGL.framework/Versions/A/Libraries/libCVMSPluginSupport.dylib
0x00007ffb34065000 	/usr/lib/libRosetta.dylib
0x00007ffa2e3d3000 	/System/Library/Frameworks/OpenGL.framework/Versions/A/Libraries/libCoreVMClient.dylib
0x00007ff822c73000 	/System/Library/Frameworks/MetalPerformanceShaders.framework/Versions/A/Frameworks/MPSCore.framework/Versions/A/MPSCore
0x00007ff82401f000 	/System/Library/Frameworks/MetalPerformanceShaders.framework/Versions/A/Frameworks/MPSImage.framework/Versions/A/MPSImage
0x00007ff823aa1000 	/System/Library/Frameworks/MetalPerformanceShaders.framework/Versions/A/Frameworks/MPSNeuralNetwork.framework/Versions/A/MPSNeuralNetwork
0x00007ff823f14000 	/System/Library/Frameworks/MetalPerformanceShaders.framework/Versions/A/Frameworks/MPSMatrix.framework/Versions/A/MPSMatrix
0x00007ff823ccf000 	/System/Library/Frameworks/MetalPerformanceShaders.framework/Versions/A/Frameworks/MPSRayIntersector.framework/Versions/A/MPSRayIntersector
0x00007ff823f4e000 	/System/Library/Frameworks/MetalPerformanceShaders.framework/Versions/A/Frameworks/MPSNDArray.framework/Versions/A/MPSNDArray
0x00007ffa3292e000 	/System/Library/Frameworks/MetalPerformanceShaders.framework/Versions/A/Frameworks/MPSFunctions.framework/Versions/A/MPSFunctions
0x00007ff818a6a000 	/System/Library/PrivateFrameworks/MetalTools.framework/Versions/A/MetalTools
0x00007ff822cf9000 	/System/Library/PrivateFrameworks/AggregateDictionary.framework/Versions/A/AggregateDictionary
0x00007ff824f7e000 	/usr/lib/libIOReport.dylib
0x00007ffa2f0bb000 	/System/Library/Frameworks/OpenCL.framework/Versions/A/OpenCL
0x00007ff825325000 	/System/Library/PrivateFrameworks/GraphVisualizer.framework/Versions/A/GraphVisualizer
0x00007ffb1c313000 	/System/Library/PrivateFrameworks/FontServices.framework/Versions/A/FontServices
0x00007ff82574e000 	/System/Library/PrivateFrameworks/OTSVG.framework/Versions/A/OTSVG
0x00007ff82070c000 	/System/Library/Frameworks/ApplicationServices.framework/Versions/A/Frameworks/ATS.framework/Versions/A/Resources/libFontRegistry.dylib
0x00007ff82579d000 	/System/Library/PrivateFrameworks/FontServices.framework/libhvf.dylib
0x00007ffb1c314000 	/System/Library/PrivateFrameworks/FontServices.framework/libXTFontStaticRegistryData.dylib
0x00007ffb2d545000 	/System/Library/PrivateFrameworks/VideoToolboxParavirtualizationSupport.framework/Versions/A/VideoToolboxParavirtualizationSupport
0x00007ff82518f000 	/System/Library/PrivateFrameworks/AppleVA.framework/Versions/A/AppleVA
0x00007ff827425000 	/System/Library/Frameworks/ApplicationServices.framework/Versions/A/Frameworks/ATS.framework/Versions/A/ATS
0x00007ff81dc24000 	/System/Library/Frameworks/ApplicationServices.framework/Versions/A/Frameworks/HIServices.framework/Versions/A/HIServices
0x00007ff826269000 	/System/Library/Frameworks/ApplicationServices.framework/Versions/A/Frameworks/PrintCore.framework/Versions/A/PrintCore
0x00007ff8277d8000 	/System/Library/Frameworks/ApplicationServices.framework/Versions/A/Frameworks/QD.framework/Versions/A/QD
0x00007ff8277d0000 	/System/Library/Frameworks/ApplicationServices.framework/Versions/A/Frameworks/ColorSyncLegacy.framework/Versions/A/ColorSyncLegacy
0x00007ff8273f9000 	/System/Library/Frameworks/ApplicationServices.framework/Versions/A/Frameworks/SpeechSynthesis.framework/Versions/A/SpeechSynthesis
0x00007ff826227000 	/System/Library/Frameworks/ApplicationServices.framework/Versions/A/Frameworks/ATSUI.framework/Versions/A/ATSUI
0x00007ff827763000 	/usr/lib/libcups.2.dylib
0x00007ff827b34000 	/System/Library/Frameworks/Kerberos.framework/Versions/A/Kerberos
0x00007ff827b43000 	/System/Library/Frameworks/GSS.framework/Versions/A/GSS
0x00007ff827493000 	/usr/lib/libresolv.9.dylib
0x00007ff8257ae000 	/System/Library/PrivateFrameworks/Heimdal.framework/Versions/A/Heimdal
0x00007ff82e891000 	/System/Library/Frameworks/Kerberos.framework/Versions/A/Libraries/libHeimdalProxy.dylib
0x00007ff827b8e000 	/System/Library/PrivateFrameworks/CommonAuth.framework/Versions/A/CommonAuth
0x00007ffa30899000 	/System/Library/Frameworks/AVFAudio.framework/Versions/A/AVFAudio
0x00007ff835cd1000 	/System/Library/PrivateFrameworks/AXCoreUtilities.framework/Versions/A/AXCoreUtilities
0x00007ff827375000 	/System/Library/PrivateFrameworks/AudioSession.framework/Versions/A/AudioSession
0x00007ff82896f000 	/System/Library/Frameworks/IOBluetooth.framework/Versions/A/IOBluetooth
0x00007ff825295000 	/System/Library/PrivateFrameworks/MediaExperience.framework/Versions/A/MediaExperience
0x00007ff82721c000 	/System/Library/PrivateFrameworks/AudioSession.framework/libSessionUtility.dylib
0x00007ff8277e4000 	/System/Library/PrivateFrameworks/AudioResourceArbitration.framework/Versions/A/AudioResourceArbitration
0x00007ff82b8c8000 	/System/Library/PrivateFrameworks/PowerLog.framework/Versions/A/PowerLog
0x00007ff82b80a000 	/System/Library/Frameworks/CoreBluetooth.framework/Versions/A/CoreBluetooth
0x00007ff82e892000 	/System/Library/Frameworks/AudioUnit.framework/Versions/A/AudioUnit
0x00007ff82379a000 	/System/Library/PrivateFrameworks/CoreUtils.framework/Versions/A/CoreUtils
0x00007ffb1aec4000 	/System/Library/PrivateFrameworks/CoreUtilsExtras.framework/Versions/A/CoreUtilsExtras
0x00007ffb1fc15000 	/System/Library/PrivateFrameworks/IO80211.framework/Versions/A/IO80211
0x00007ff825203000 	/System/Library/PrivateFrameworks/IconFoundation.framework/Versions/A/IconFoundation
0x00007ff82a8e7000 	/System/Library/PrivateFrameworks/SpeechRecognitionCore.framework/Versions/A/SpeechRecognitionCore
0x000000010be7f000 	/Library/Java/JavaVirtualMachines/zulu-11.jdk/Contents/Home/lib/server/libjvm.dylib
0x000000010b12e000 	/Library/Java/JavaVirtualMachines/zulu-11.jdk/Contents/Home/lib/libverify.dylib
0x000000010b153000 	/Library/Java/JavaVirtualMachines/zulu-11.jdk/Contents/Home/lib/libjava.dylib
0x000000010b04f000 	/Library/Java/JavaVirtualMachines/zulu-11.jdk/Contents/Home/lib/libjimage.dylib
0x000000010b206000 	/Library/Java/JavaVirtualMachines/zulu-11.jdk/Contents/Home/lib/libzip.dylib
0x000000010be51000 	/Library/Java/JavaVirtualMachines/zulu-11.jdk/Contents/Home/lib/libnio.dylib
0x000000012e20c000 	/Library/Java/JavaVirtualMachines/zulu-11.jdk/Contents/Home/lib/libnet.dylib
0x000000012e252000 	/Library/Java/JavaVirtualMachines/zulu-11.jdk/Contents/Home/lib/libmanagement.dylib
0x000000012e271000 	/Library/Java/JavaVirtualMachines/zulu-11.jdk/Contents/Home/lib/libmanagement_ext.dylib
0x000000012e5bf000 	/Library/Java/JavaVirtualMachines/zulu-11.jdk/Contents/Home/lib/libextnet.dylib
0x000000013069f000 	/Library/Java/JavaVirtualMachines/zulu-11.jdk/Contents/Home/lib/libsunec.dylib


VM Arguments:
jvm_args: -Dcom.sun.management.jmxremote -Dcom.sun.management.jmxremote.port=53733 -Dcom.sun.management.jmxremote.authenticate=false -Dcom.sun.management.jmxremote.ssl=false -Djava.rmi.server.hostname=localhost -Dspring.jmx.enabled=true -Dspring.liveBeansView.mbeanDomain -Dspring.application.admin.enabled=true -Djava.security.egd=file:/dev/./urandom -XX:TieredStopAtLevel=1 -Dspring.boot.project.name=multicampus_final_project -Dfile.encoding=UTF-8 
java_command: eat_schedule.Application --spring.output.ansi.enabled=always
java_class_path (initial): /Users/hyunjiyoon/git/multicampus_final_project/target/classes:/Users/hyunjiyoon/.m2/repository/org/springframework/boot/spring-boot-starter-data-jdbc/2.7.10/spring-boot-starter-data-jdbc-2.7.10.jar:/Users/hyunjiyoon/.m2/repository/org/springframework/data/spring-data-jdbc/2.4.10/spring-data-jdbc-2.4.10.jar:/Users/hyunjiyoon/.m2/repository/org/springframework/data/spring-data-relational/2.4.10/spring-data-relational-2.4.10.jar:/Users/hyunjiyoon/.m2/repository/org/springframework/data/spring-data-commons/2.7.10/spring-data-commons-2.7.10.jar:/Users/hyunjiyoon/.m2/repository/org/springframework/spring-tx/5.3.26/spring-tx-5.3.26.jar:/Users/hyunjiyoon/.m2/repository/org/springframework/spring-context/5.3.26/spring-context-5.3.26.jar:/Users/hyunjiyoon/.m2/repository/org/springframework/spring-beans/5.3.26/spring-beans-5.3.26.jar:/Users/hyunjiyoon/.m2/repository/org/slf4j/slf4j-api/1.7.36/slf4j-api-1.7.36.jar:/Users/hyunjiyoon/.m2/repository/org/springframework/boot/spring-boot-starter-jdbc/2.7.10/spring-boot-starter-jdbc-2.7.10.jar:/Users/hyunjiyoon/.m2/repository/org/springframework/boot/spring-boot-starter/2.7.10/spring-boot-starter-2.7.10.jar:/Users/hyunjiyoon/.m2/repository/org/springframework/boot/spring-boot/2.7.10/spring-boot-2.7.10.jar:/Users/hyunjiyoon/.m2/repository/org/springframework/boot/spring-boot-autoconfigure/2.7.10/spring-boot-autoconfigure-2.7.10.jar:/Users/hyunjiyoon/.m2/repository/org/springframework/boot/spring-boot-starter-logging/2.7.10/spring-boot-starter-logging-2.7.10.jar:/Users/hyunjiyoon/.m2/repository/ch/qos/logback/logback-classic/1.2.11/logback-classic-1.2.11.jar:/Users/hyunjiyoon/.m2/repository/ch/qos/logback/logback-core/1.2.11/logback-core-1.2.11.jar:/Users/hyunjiyoon/.m2/repository/org/apache/logging/log4j/log4j-to-slf4j/2.17.2/log4j-to-slf4j-2.17.2.jar:/Users/hyunjiyoon/.m2/repository/org/apache/logging/log4j/log4j-api/2.17.2/log4j-api-2.17.2.jar:/Users/hyunjiyoon/.m2/repository/org/slf4j/jul-to-slf4j/1.7.
Launcher Type: SUN_STANDARD

[Global flags]
     intx CICompilerCount                          = 4                                         {product} {ergonomic}
     uint ConcGCThreads                            = 2                                         {product} {ergonomic}
     uint G1ConcRefinementThreads                  = 8                                         {product} {ergonomic}
   size_t G1HeapRegionSize                         = 1048576                                   {product} {ergonomic}
    uintx GCDrainStackTargetSize                   = 64                                        {product} {ergonomic}
   size_t InitialHeapSize                          = 134217728                                 {product} {ergonomic}
     bool ManagementServer                         = true                                      {product} {command line}
   size_t MarkStackSize                            = 4194304                                   {product} {ergonomic}
   size_t MaxHeapSize                              = 2147483648                                {product} {ergonomic}
   size_t MaxNewSize                               = 1287651328                                {product} {ergonomic}
   size_t MinHeapDeltaBytes                        = 1048576                                   {product} {ergonomic}
    uintx NonNMethodCodeHeapSize                   = 7549744                                {pd product} {ergonomic}
    uintx NonProfiledCodeHeapSize                  = 244108496                              {pd product} {ergonomic}
    uintx ProfiledCodeHeapSize                     = 0                                      {pd product} {ergonomic}
    uintx ReservedCodeCacheSize                    = 251658240                              {pd product} {ergonomic}
     bool SegmentedCodeCache                       = true                                      {product} {ergonomic}
     intx TieredStopAtLevel                        = 1                                         {product} {command line}
     bool UseCompressedClassPointers               = true                                 {lp64_product} {ergonomic}
     bool UseCompressedOops                        = true                                 {lp64_product} {ergonomic}
     bool UseG1GC                                  = true                                      {product} {ergonomic}

Logging:
Log output configuration:
 #0: stdout all=warning uptime,level,tags
 #1: stderr all=off uptime,level,tags

Environment Variables:
PATH=/usr/bin:/bin:/usr/sbin:/sbin
SHELL=/bin/zsh
TMPDIR=/var/folders/0z/jysrvhxs4k9dw2mdz8p3z4rw0000gn/T/

Signal Handlers:
SIGSEGV: [libjvm.dylib+0x7d2464], sa_mask[0]=11111111111111111111111111111111, sa_flags=SA_ONSTACK|SA_RESTART|SA_SIGINFO
SIGBUS: [libjvm.dylib+0x7d2464], sa_mask[0]=11111111111111111111111111111111, sa_flags=SA_RESTART|SA_SIGINFO
SIGFPE: [libjvm.dylib+0x7d2464], sa_mask[0]=11111111111111111111111111111111, sa_flags=SA_RESTART|SA_SIGINFO
SIGPIPE: [libjvm.dylib+0x6384c6], sa_mask[0]=11111111111111111111111111111111, sa_flags=SA_RESTART|SA_SIGINFO
SIGXFSZ: [libjvm.dylib+0x6384c6], sa_mask[0]=11111111111111111111111111111111, sa_flags=SA_RESTART|SA_SIGINFO
SIGILL: [libjvm.dylib+0x7d2464], sa_mask[0]=11111111111111111111111111111111, sa_flags=SA_RESTART|SA_SIGINFO
SIGUSR2: [libjvm.dylib+0x638a9a], sa_mask[0]=00100000000000000000000000000000, sa_flags=SA_RESTART|SA_SIGINFO
SIGHUP: [libjvm.dylib+0x6375f3], sa_mask[0]=11111111111111111111111111111111, sa_flags=SA_RESTART|SA_SIGINFO
SIGINT: [libjvm.dylib+0x6375f3], sa_mask[0]=11111111111111111111111111111111, sa_flags=SA_RESTART|SA_SIGINFO
SIGTERM: [libjvm.dylib+0x6375f3], sa_mask[0]=11111111111111111111111111111111, sa_flags=SA_RESTART|SA_SIGINFO
SIGQUIT: [libjvm.dylib+0x6375f3], sa_mask[0]=11111111111111111111111111111111, sa_flags=SA_RESTART|SA_SIGINFO


---------------  S Y S T E M  ---------------

OS:uname:Darwin 22.2.0 Darwin Kernel Version 22.2.0: Fri Nov 11 02:04:44 PST 2022; root:xnu-8792.61.2~4/RELEASE_ARM64_T8103 x86_64
OS uptime: 0 days 13:05 hours
rlimit (soft/hard): STACK 8176k/65520k , CORE 0k/infinity , NPROC 1333/2000 , NOFILE 10240/infinity , AS infinity/infinity , CPU infinity/infinity , DATA infinity/infinity , FSIZE infinity/infinity , MEMLOCK infinity/infinity , RSS infinity/infinity
load average:1.97 1.62 1.61

CPU:total 8 (initial active 8) (1 cores per cpu, 1 threads per core) family 6 model 44 stepping 0 microcode 0x0, cmov, cx8, fxsr, mmx, sse, sse2, sse3, ssse3, sse4.1, sse4.2, popcnt, aes, clmul, tsc, tscinvbit, tscinv

Memory: 4k page, physical 8388608k(46916k free), swap 2097152k(1062976k free)

vm_info: OpenJDK 64-Bit Server VM (11.0.18+10-LTS) for bsd-amd64 JRE (Zulu11.62+17-CA) (11.0.18+10-LTS), built on Jan  4 2023 08:03:58 by "zulu_re" with clang 4.2.1 Compatible Apple LLVM 11.0.0 (clang-1100.0.33.17)

END.
